0 verbose cli /usr/local/bin/node /usr/local/bin/npm
1 info using npm@10.7.0
2 info using node@v20.15.0
3 silly config:load:file:/usr/local/lib/node_modules/npm/npmrc
4 silly config:load:file:/data/.npmrc
5 silly config:load:file:/usr/src/node-red/.npmrc
6 silly config:load:file:/usr/local/etc/npmrc
7 verbose title npm install node-red-node-mysql@2.0.0
8 verbose argv "install" "--no-audit" "--no-update-notifier" "--no-fund" "--save" "--save-prefix" "~" "--omit" "dev" "--engine-strict" "node-red-node-mysql@2.0.0"
9 verbose logfile logs-max:10 dir:/data/.npm/_logs/2024-07-30T08_05_24_562Z-
10 verbose logfile /data/.npm/_logs/2024-07-30T08_05_24_562Z-debug-0.log
11 silly logfile done cleaning log files
12 silly idealTree buildDeps
13 silly fetch manifest node-red-node-mysql@2.0.0
14 http fetch GET 200 https://registry.npmjs.org/node-red-node-mysql 1004ms (cache miss)
15 silly placeDep ROOT node-red-node-mysql@2.0.0 OK for: node-red-project@0.0.1 want: 2.0.0
16 silly fetch manifest mysql2@^3.6.5
17 http fetch GET 200 https://registry.npmjs.org/mysql2 742ms (cache miss)
18 silly placeDep ROOT mysql2@3.11.0 OK for: node-red-node-mysql@2.0.0 want: ^3.6.5
19 silly fetch manifest aws-ssl-profiles@^1.1.1
20 silly fetch manifest denque@^2.1.0
21 silly fetch manifest generate-function@^2.3.1
22 silly fetch manifest iconv-lite@^0.6.3
23 silly fetch manifest long@^5.2.1
24 silly fetch manifest lru-cache@^8.0.0
25 silly fetch manifest named-placeholders@^1.1.3
26 http fetch GET 200 https://registry.npmjs.org/iconv-lite 167ms (cache miss)
27 silly fetch manifest seq-queue@^0.0.5
28 http fetch GET 200 https://registry.npmjs.org/long 222ms (cache miss)
29 silly fetch manifest sqlstring@^2.3.2
30 http fetch GET 200 https://registry.npmjs.org/denque 226ms (cache miss)
31 http fetch GET 200 https://registry.npmjs.org/seq-queue 69ms (cache miss)
32 http fetch GET 200 https://registry.npmjs.org/lru-cache 250ms (cache miss)
33 http fetch GET 200 https://registry.npmjs.org/generate-function 403ms (cache miss)
34 http fetch GET 200 https://registry.npmjs.org/sqlstring 296ms (cache miss)
35 http fetch GET 200 https://registry.npmjs.org/aws-ssl-profiles 718ms (cache miss)
36 http fetch GET 200 https://registry.npmjs.org/named-placeholders 822ms (cache miss)
37 silly placeDep ROOT aws-ssl-profiles@1.1.1 OK for: mysql2@3.11.0 want: ^1.1.1
38 silly placeDep ROOT denque@2.1.0 OK for: mysql2@3.11.0 want: ^2.1.0
39 silly placeDep ROOT generate-function@2.3.1 OK for: mysql2@3.11.0 want: ^2.3.1
40 silly placeDep ROOT iconv-lite@0.6.3 OK for: mysql2@3.11.0 want: ^0.6.3
41 silly placeDep ROOT long@5.2.3 OK for: mysql2@3.11.0 want: ^5.2.1
42 silly placeDep ROOT lru-cache@8.0.5 OK for: mysql2@3.11.0 want: ^8.0.0
43 silly placeDep ROOT named-placeholders@1.1.3 OK for: mysql2@3.11.0 want: ^1.1.3
44 silly placeDep ROOT seq-queue@0.0.5 OK for: mysql2@3.11.0 want: ^0.0.5
45 silly placeDep ROOT sqlstring@2.3.3 OK for: mysql2@3.11.0 want: ^2.3.2
46 silly fetch manifest is-property@^1.0.2
47 silly fetch manifest safer-buffer@>= 2.1.2 < 3.0.0
48 silly fetch manifest lru-cache@^7.14.1
49 http fetch GET 200 https://registry.npmjs.org/safer-buffer 73ms (cache miss)
50 http fetch GET 200 https://registry.npmjs.org/is-property 297ms (cache miss)
51 silly placeDep ROOT is-property@1.0.2 OK for: generate-function@2.3.1 want: ^1.0.2
52 silly placeDep ROOT safer-buffer@2.1.2 OK for: iconv-lite@0.6.3 want: >= 2.1.2 < 3.0.0
53 silly placeDep node_modules/named-placeholders lru-cache@7.18.3 OK for: named-placeholders@1.1.3 want: ^7.14.1
54 silly reify moves {}
55 silly tarball no local data for safer-buffer@https://registry.npmjs.org/safer-buffer/-/safer-buffer-2.1.2.tgz. Extracting by manifest.
56 silly tarball no local data for sqlstring@https://registry.npmjs.org/sqlstring/-/sqlstring-2.3.3.tgz. Extracting by manifest.
57 silly tarball no local data for is-property@https://registry.npmjs.org/is-property/-/is-property-1.0.2.tgz. Extracting by manifest.
58 silly tarball no local data for seq-queue@https://registry.npmjs.org/seq-queue/-/seq-queue-0.0.5.tgz. Extracting by manifest.
59 silly tarball no local data for named-placeholders@https://registry.npmjs.org/named-placeholders/-/named-placeholders-1.1.3.tgz. Extracting by manifest.
60 silly tarball no local data for lru-cache@https://registry.npmjs.org/lru-cache/-/lru-cache-8.0.5.tgz. Extracting by manifest.
61 silly tarball no local data for long@https://registry.npmjs.org/long/-/long-5.2.3.tgz. Extracting by manifest.
62 silly tarball no local data for iconv-lite@https://registry.npmjs.org/iconv-lite/-/iconv-lite-0.6.3.tgz. Extracting by manifest.
63 silly tarball no local data for generate-function@https://registry.npmjs.org/generate-function/-/generate-function-2.3.1.tgz. Extracting by manifest.
64 silly tarball no local data for denque@https://registry.npmjs.org/denque/-/denque-2.1.0.tgz. Extracting by manifest.
65 silly tarball no local data for aws-ssl-profiles@https://registry.npmjs.org/aws-ssl-profiles/-/aws-ssl-profiles-1.1.1.tgz. Extracting by manifest.
66 silly tarball no local data for mysql2@https://registry.npmjs.org/mysql2/-/mysql2-3.11.0.tgz. Extracting by manifest.
67 silly tarball no local data for node-red-node-mysql@https://registry.npmjs.org/node-red-node-mysql/-/node-red-node-mysql-2.0.0.tgz. Extracting by manifest.
68 silly tarball no local data for lru-cache@https://registry.npmjs.org/lru-cache/-/lru-cache-7.18.3.tgz. Extracting by manifest.
69 http fetch GET 200 https://registry.npmjs.org/named-placeholders/-/named-placeholders-1.1.3.tgz 125ms (cache miss)
70 http fetch GET 200 https://registry.npmjs.org/seq-queue/-/seq-queue-0.0.5.tgz 125ms (cache miss)
71 http fetch GET 200 https://registry.npmjs.org/safer-buffer/-/safer-buffer-2.1.2.tgz 129ms (cache miss)
72 http fetch GET 200 https://registry.npmjs.org/sqlstring/-/sqlstring-2.3.3.tgz 128ms (cache miss)
73 http fetch GET 200 https://registry.npmjs.org/is-property/-/is-property-1.0.2.tgz 129ms (cache miss)
74 http fetch GET 200 https://registry.npmjs.org/long/-/long-5.2.3.tgz 132ms (cache miss)
75 http fetch GET 200 https://registry.npmjs.org/lru-cache/-/lru-cache-8.0.5.tgz 136ms (cache miss)
76 http fetch GET 200 https://registry.npmjs.org/generate-function/-/generate-function-2.3.1.tgz 173ms (cache miss)
77 http fetch GET 200 https://registry.npmjs.org/denque/-/denque-2.1.0.tgz 208ms (cache miss)
78 http fetch GET 200 https://registry.npmjs.org/node-red-node-mysql/-/node-red-node-mysql-2.0.0.tgz 208ms (cache miss)
79 http fetch GET 200 https://registry.npmjs.org/lru-cache/-/lru-cache-7.18.3.tgz 263ms (cache miss)
80 http fetch GET 200 https://registry.npmjs.org/iconv-lite/-/iconv-lite-0.6.3.tgz 273ms (cache miss)
81 http fetch GET 200 https://registry.npmjs.org/aws-ssl-profiles/-/aws-ssl-profiles-1.1.1.tgz 278ms (cache miss)
82 http fetch GET 200 https://registry.npmjs.org/mysql2/-/mysql2-3.11.0.tgz 297ms (cache miss)
83 silly ADD node_modules/safer-buffer
84 silly ADD node_modules/is-property
85 silly ADD node_modules/sqlstring
86 silly ADD node_modules/seq-queue
87 silly ADD node_modules/named-placeholders
88 silly ADD node_modules/named-placeholders/node_modules/lru-cache
89 silly ADD node_modules/lru-cache
90 silly ADD node_modules/long
91 silly ADD node_modules/iconv-lite
92 silly ADD node_modules/generate-function
93 silly ADD node_modules/denque
94 silly ADD node_modules/aws-ssl-profiles
95 silly ADD node_modules/mysql2
96 silly ADD node_modules/node-red-node-mysql
97 verbose exit 0
98 info ok
