0 verbose cli /usr/local/bin/node /usr/local/bin/npm
1 info using npm@10.7.0
2 info using node@v20.15.0
3 silly config:load:file:/usr/local/lib/node_modules/npm/npmrc
4 silly config:load:file:/data/.npmrc
5 silly config:load:file:/usr/src/node-red/.npmrc
6 silly config:load:file:/usr/local/etc/npmrc
7 verbose title npm install node-red-contrib-postgresql@0.14.2
8 verbose argv "install" "--no-audit" "--no-update-notifier" "--no-fund" "--save" "--save-prefix" "~" "--omit" "dev" "--engine-strict" "node-red-contrib-postgresql@0.14.2"
9 verbose logfile logs-max:10 dir:/data/.npm/_logs/2024-07-30T08_07_35_143Z-
10 verbose logfile /data/.npm/_logs/2024-07-30T08_07_35_143Z-debug-0.log
11 silly logfile done cleaning log files
12 silly idealTree buildDeps
13 silly fetch manifest node-red-contrib-postgresql@0.14.2
14 http fetch GET 200 https://registry.npmjs.org/node-red-contrib-postgresql 1110ms (cache miss)
15 silly placeDep ROOT node-red-contrib-postgresql@0.14.2 OK for: node-red-project@0.0.1 want: 0.14.2
16 silly fetch manifest mustache@^4.2.0
17 silly fetch manifest pg@^8.12.0
18 silly fetch manifest pg-cursor@^2.11.0
19 http fetch GET 200 https://registry.npmjs.org/pg 234ms (cache miss)
20 http fetch GET 200 https://registry.npmjs.org/mustache 342ms (cache miss)
21 http fetch GET 200 https://registry.npmjs.org/pg-cursor 927ms (cache miss)
22 silly fetch manifest pg-native@>=3.0.1
23 http fetch GET 200 https://registry.npmjs.org/pg-native 70ms (cache miss)
24 silly placeDep ROOT mustache@4.2.0 OK for: node-red-contrib-postgresql@0.14.2 want: ^4.2.0
25 silly placeDep ROOT pg@8.12.0 OK for: node-red-contrib-postgresql@0.14.2 want: ^8.12.0
26 silly placeDep ROOT pg-cursor@2.11.0 OK for: node-red-contrib-postgresql@0.14.2 want: ^2.11.0
27 silly fetch manifest pgpass@1.x
28 silly fetch manifest pg-pool@^3.6.2
29 silly fetch manifest pg-types@^2.1.0
30 silly fetch manifest pg-protocol@^1.6.1
31 silly fetch manifest pg-connection-string@^2.6.4
32 silly fetch manifest pg-cloudflare@^1.1.1
33 http fetch GET 200 https://registry.npmjs.org/pg-pool 66ms (cache miss)
34 http fetch GET 200 https://registry.npmjs.org/pg-types 67ms (cache miss)
35 http fetch GET 200 https://registry.npmjs.org/pg-cloudflare 186ms (cache miss)
36 http fetch GET 200 https://registry.npmjs.org/pg-connection-string 190ms (cache miss)
37 http fetch GET 200 https://registry.npmjs.org/pgpass 741ms (cache miss)
38 http fetch GET 200 https://registry.npmjs.org/pg-protocol 850ms (cache miss)
39 silly fetch manifest pg@>=8.0
40 silly placeDep ROOT pg-cloudflare@1.1.1 OK for: pg@8.12.0 want: ^1.1.1
41 silly placeDep ROOT pg-connection-string@2.6.4 OK for: pg@8.12.0 want: ^2.6.4
42 silly placeDep ROOT pg-pool@3.6.2 OK for: pg@8.12.0 want: ^3.6.2
43 silly placeDep ROOT pg-protocol@1.6.1 OK for: pg@8.12.0 want: ^1.6.1
44 silly placeDep ROOT pg-types@2.2.0 OK for: pg@8.12.0 want: ^2.1.0
45 silly placeDep ROOT pgpass@1.0.5 OK for: pg@8.12.0 want: 1.x
46 silly fetch manifest pg-int8@1.0.1
47 silly fetch manifest postgres-array@~2.0.0
48 silly fetch manifest postgres-bytea@~1.0.0
49 silly fetch manifest postgres-date@~1.0.4
50 silly fetch manifest postgres-interval@^1.1.0
51 silly fetch manifest split2@^4.1.0
52 http fetch GET 200 https://registry.npmjs.org/postgres-bytea 64ms (cache miss)
53 http fetch GET 200 https://registry.npmjs.org/postgres-interval 64ms (cache miss)
54 http fetch GET 200 https://registry.npmjs.org/postgres-array 70ms (cache miss)
55 http fetch GET 200 https://registry.npmjs.org/pg-int8 79ms (cache miss)
56 http fetch GET 200 https://registry.npmjs.org/split2 79ms (cache miss)
57 http fetch GET 200 https://registry.npmjs.org/postgres-date 721ms (cache miss)
58 silly placeDep ROOT pg-int8@1.0.1 OK for: pg-types@2.2.0 want: 1.0.1
59 silly placeDep ROOT postgres-array@2.0.0 OK for: pg-types@2.2.0 want: ~2.0.0
60 silly placeDep ROOT postgres-bytea@1.0.0 OK for: pg-types@2.2.0 want: ~1.0.0
61 silly placeDep ROOT postgres-date@1.0.7 OK for: pg-types@2.2.0 want: ~1.0.4
62 silly placeDep ROOT postgres-interval@1.2.0 OK for: pg-types@2.2.0 want: ^1.1.0
63 silly fetch manifest xtend@^4.0.0
64 http fetch GET 200 https://registry.npmjs.org/xtend 58ms (cache miss)
65 silly placeDep ROOT split2@4.2.0 OK for: pgpass@1.0.5 want: ^4.1.0
66 silly placeDep ROOT xtend@4.0.2 OK for: postgres-interval@1.2.0 want: ^4.0.0
67 silly reify moves {}
68 silly tarball no local data for xtend@https://registry.npmjs.org/xtend/-/xtend-4.0.2.tgz. Extracting by manifest.
69 silly tarball no local data for postgres-interval@https://registry.npmjs.org/postgres-interval/-/postgres-interval-1.2.0.tgz. Extracting by manifest.
70 silly tarball no local data for split2@https://registry.npmjs.org/split2/-/split2-4.2.0.tgz. Extracting by manifest.
71 silly tarball no local data for postgres-bytea@https://registry.npmjs.org/postgres-bytea/-/postgres-bytea-1.0.0.tgz. Extracting by manifest.
72 silly tarball no local data for pgpass@https://registry.npmjs.org/pgpass/-/pgpass-1.0.5.tgz. Extracting by manifest.
73 silly tarball no local data for pg-int8@https://registry.npmjs.org/pg-int8/-/pg-int8-1.0.1.tgz. Extracting by manifest.
74 silly tarball no local data for postgres-array@https://registry.npmjs.org/postgres-array/-/postgres-array-2.0.0.tgz. Extracting by manifest.
75 silly tarball no local data for postgres-date@https://registry.npmjs.org/postgres-date/-/postgres-date-1.0.7.tgz. Extracting by manifest.
76 silly tarball no local data for pg-types@https://registry.npmjs.org/pg-types/-/pg-types-2.2.0.tgz. Extracting by manifest.
77 silly tarball no local data for pg-protocol@https://registry.npmjs.org/pg-protocol/-/pg-protocol-1.6.1.tgz. Extracting by manifest.
78 silly tarball no local data for pg-pool@https://registry.npmjs.org/pg-pool/-/pg-pool-3.6.2.tgz. Extracting by manifest.
79 silly tarball no local data for pg-connection-string@https://registry.npmjs.org/pg-connection-string/-/pg-connection-string-2.6.4.tgz. Extracting by manifest.
80 silly tarball no local data for pg-cloudflare@https://registry.npmjs.org/pg-cloudflare/-/pg-cloudflare-1.1.1.tgz. Extracting by manifest.
81 silly tarball no local data for pg-cursor@https://registry.npmjs.org/pg-cursor/-/pg-cursor-2.11.0.tgz. Extracting by manifest.
82 silly tarball no local data for pg@https://registry.npmjs.org/pg/-/pg-8.12.0.tgz. Extracting by manifest.
83 silly tarball no local data for mustache@https://registry.npmjs.org/mustache/-/mustache-4.2.0.tgz. Extracting by manifest.
84 silly tarball no local data for node-red-contrib-postgresql@https://registry.npmjs.org/node-red-contrib-postgresql/-/node-red-contrib-postgresql-0.14.2.tgz. Extracting by manifest.
85 http fetch GET 200 https://registry.npmjs.org/xtend/-/xtend-4.0.2.tgz 112ms (cache miss)
86 http fetch GET 200 https://registry.npmjs.org/split2/-/split2-4.2.0.tgz 111ms (cache miss)
87 http fetch GET 200 https://registry.npmjs.org/postgres-interval/-/postgres-interval-1.2.0.tgz 113ms (cache miss)
88 http fetch GET 200 https://registry.npmjs.org/postgres-bytea/-/postgres-bytea-1.0.0.tgz 117ms (cache miss)
89 http fetch GET 200 https://registry.npmjs.org/pg-int8/-/pg-int8-1.0.1.tgz 118ms (cache miss)
90 http fetch GET 200 https://registry.npmjs.org/pgpass/-/pgpass-1.0.5.tgz 119ms (cache miss)
91 http fetch GET 200 https://registry.npmjs.org/mustache/-/mustache-4.2.0.tgz 149ms (cache miss)
92 http fetch GET 200 https://registry.npmjs.org/postgres-array/-/postgres-array-2.0.0.tgz 189ms (cache miss)
93 http fetch GET 200 https://registry.npmjs.org/postgres-date/-/postgres-date-1.0.7.tgz 188ms (cache miss)
94 http fetch GET 200 https://registry.npmjs.org/pg-pool/-/pg-pool-3.6.2.tgz 193ms (cache miss)
95 http fetch GET 200 https://registry.npmjs.org/pg/-/pg-8.12.0.tgz 194ms (cache miss)
96 http fetch GET 200 https://registry.npmjs.org/pg-connection-string/-/pg-connection-string-2.6.4.tgz 202ms (cache miss)
97 http fetch GET 200 https://registry.npmjs.org/pg-types/-/pg-types-2.2.0.tgz 204ms (cache miss)
98 http fetch GET 200 https://registry.npmjs.org/pg-cloudflare/-/pg-cloudflare-1.1.1.tgz 220ms (cache miss)
99 http fetch GET 200 https://registry.npmjs.org/pg-cursor/-/pg-cursor-2.11.0.tgz 230ms (cache miss)
100 http fetch GET 200 https://registry.npmjs.org/pg-protocol/-/pg-protocol-1.6.1.tgz 267ms (cache miss)
101 http fetch GET 200 https://registry.npmjs.org/node-red-contrib-postgresql/-/node-red-contrib-postgresql-0.14.2.tgz 691ms (cache miss)
102 silly ADD node_modules/xtend
103 silly ADD node_modules/split2
104 silly ADD node_modules/postgres-interval
105 silly ADD node_modules/postgres-date
106 silly ADD node_modules/postgres-bytea
107 silly ADD node_modules/postgres-array
108 silly ADD node_modules/pg-int8
109 silly ADD node_modules/pgpass
110 silly ADD node_modules/pg-types
111 silly ADD node_modules/pg-protocol
112 silly ADD node_modules/pg-pool
113 silly ADD node_modules/pg-connection-string
114 silly ADD node_modules/pg-cloudflare
115 silly ADD node_modules/pg-cursor
116 silly ADD node_modules/pg
117 silly ADD node_modules/mustache
118 silly ADD node_modules/node-red-contrib-postgresql
119 verbose exit 0
120 info ok
