0 verbose cli /usr/local/bin/node /usr/local/bin/npm
1 info using npm@10.7.0
2 info using node@v20.15.0
3 silly config:load:file:/usr/local/lib/node_modules/npm/npmrc
4 silly config:load:file:/data/.npmrc
5 silly config:load:file:/usr/src/node-red/.npmrc
6 silly config:load:file:/usr/local/etc/npmrc
7 verbose title npm install cron-parser
8 verbose argv "install" "--omit" "dev" "--engine-strict" "cron-parser"
9 verbose logfile logs-max:10 dir:/data/.npm/_logs/2024-07-30T08_10_58_723Z-
10 verbose logfile /data/.npm/_logs/2024-07-30T08_10_58_723Z-debug-0.log
11 silly logfile done cleaning log files
12 silly idealTree buildDeps
13 silly fetch manifest cron-parser@*
14 http fetch GET 200 https://registry.npmjs.org/npm 348ms
15 http fetch GET 200 https://registry.npmjs.org/cron-parser 835ms (cache miss)
16 silly placeDep ROOT cron-parser@4.9.0 OK for: node-red-project@0.0.1 want: *
17 silly fetch manifest luxon@^3.2.1
18 http fetch GET 200 https://registry.npmjs.org/luxon 703ms (cache miss)
19 silly placeDep ROOT luxon@3.4.4 OK for: cron-parser@4.9.0 want: ^3.2.1
20 silly reify moves {}
21 silly audit bulk request {
21 silly audit   'aws-ssl-profiles': [ '1.1.1' ],
21 silly audit   'coord-parser': [ '1.0.0' ],
21 silly audit   cronosjs: [ '1.7.1' ],
21 silly audit   cronstrue: [ '2.50.0' ],
21 silly audit   denque: [ '2.1.0' ],
21 silly audit   'generate-function': [ '2.3.1' ],
21 silly audit   'iconv-lite': [ '0.6.3' ],
21 silly audit   'is-property': [ '1.0.2' ],
21 silly audit   long: [ '5.2.3' ],
21 silly audit   'lru-cache': [ '8.0.5', '7.18.3' ],
21 silly audit   mustache: [ '4.2.0' ],
21 silly audit   mysql2: [ '3.11.0' ],
21 silly audit   'named-placeholders': [ '1.1.3' ],
21 silly audit   'node-red-contrib-cron-plus': [ '2.1.0' ],
21 silly audit   'node-red-contrib-postgresql': [ '0.14.2' ],
21 silly audit   'node-red-node-mysql': [ '2.0.0' ],
21 silly audit   'parse-ms': [ '2.1.0' ],
21 silly audit   pg: [ '8.12.0' ],
21 silly audit   'pg-cloudflare': [ '1.1.1' ],
21 silly audit   'pg-connection-string': [ '2.6.4' ],
21 silly audit   'pg-cursor': [ '2.11.0' ],
21 silly audit   'pg-int8': [ '1.0.1' ],
21 silly audit   'pg-pool': [ '3.6.2' ],
21 silly audit   'pg-protocol': [ '1.6.1' ],
21 silly audit   'pg-types': [ '2.2.0' ],
21 silly audit   pgpass: [ '1.0.5' ],
21 silly audit   'postgres-array': [ '2.0.0' ],
21 silly audit   'postgres-bytea': [ '1.0.0' ],
21 silly audit   'postgres-date': [ '1.0.7' ],
21 silly audit   'postgres-interval': [ '1.2.0' ],
21 silly audit   'pretty-ms': [ '7.0.1' ],
21 silly audit   'safer-buffer': [ '2.1.2' ],
21 silly audit   'seq-queue': [ '0.0.5' ],
21 silly audit   split2: [ '4.2.0' ],
21 silly audit   sqlstring: [ '2.3.3' ],
21 silly audit   suncalc2: [ '1.8.1' ],
21 silly audit   xtend: [ '4.0.2' ],
21 silly audit   'cron-parser': [ '4.9.0' ],
21 silly audit   luxon: [ '3.4.4' ]
21 silly audit }
22 silly tarball no local data for luxon@https://registry.npmjs.org/luxon/-/luxon-3.4.4.tgz. Extracting by manifest.
23 silly tarball no local data for cron-parser@https://registry.npmjs.org/cron-parser/-/cron-parser-4.9.0.tgz. Extracting by manifest.
24 http fetch GET 200 https://registry.npmjs.org/luxon/-/luxon-3.4.4.tgz 121ms (cache miss)
25 http fetch GET 200 https://registry.npmjs.org/cron-parser/-/cron-parser-4.9.0.tgz 165ms (cache miss)
26 http fetch POST 200 https://registry.npmjs.org/-/npm/v1/security/advisories/bulk 231ms
27 silly audit report {}
28 silly ADD node_modules/luxon
29 silly ADD node_modules/cron-parser
30 notice
30 notice New minor version of npm available! 10.7.0 -> 10.8.2
30 notice Changelog: https://github.com/npm/cli/releases/tag/v10.8.2
30 notice To update run: npm install -g npm@10.8.2
30 notice  { force: true, [Symbol(proc-log.meta)]: true }
31 verbose exit 0
32 info ok
